2024-03-14 10:47:37,149 - INFO - -----Start-----
2024-03-14 10:47:37,832 - INFO - MultiplicationBelow10
2024-03-14 11:09:34,617 - INFO - -----Start-----
2024-03-14 11:09:34,711 - INFO - MultiplicationBelow10
2024-03-14 11:15:36,513 - INFO - -----Start-----
2024-03-14 11:15:55,116 - INFO - -----Start-----
2024-03-14 11:15:55,214 - INFO - MultiplicationBelow10
2024-03-14 11:32:20,771 - INFO - You have answered 198 out of 200 - So you got 99 %
2024-03-14 11:32:20,772 - INFO - Excellent !
2024-03-14 11:32:20,778 - INFO - Wrong Answers List
8*8=16
4*9=45

2024-03-14 11:32:20,782 - INFO - Time taken is 986seconds
2024-03-14 11:32:20,786 - INFO - Average time taken to answer4.93seconds
2024-03-14 11:32:20,791 - INFO - ------End------
2024-03-15 14:38:08,483 - INFO - -----Start-----
2024-03-15 14:38:08,617 - INFO - MultiplicationBelow10
2024-03-15 14:59:23,481 - INFO - You have answered 187 out of 200 - So you got 94 %
2024-03-15 14:59:23,481 - INFO - Excellent !
2024-03-15 14:59:23,486 - INFO - Wrong Answers List
4*6=20
8*2=14
2*3=12
3*3=6
8*7=72
8*2=14
9*8=56
4*2=12
2*3=12
6*5=42
1*5=
4*3=5
8*8=49

2024-03-15 14:59:23,490 - INFO - Time taken is 1275seconds
2024-03-15 14:59:23,493 - INFO - Average time taken to answer6.375seconds
2024-03-15 14:59:23,497 - INFO - ------End------
2024-03-15 15:06:09,674 - INFO - -----Start-----
2024-03-15 15:06:09,779 - INFO - MultiplicationBelow10
2024-03-15 15:26:37,457 - INFO - You have answered 215 out of 240 - So you got 90 %
2024-03-15 15:26:37,457 - INFO - Wrong Answers List
2*4=12
3*3=8
9*2=27
4*8=24
8*3=18
8*7=49
9*2=16
9*9=8
4*4=49
6*4=20
4*9=45
9*2=16
7*8=63
2*3=12
4*6=20
8*4=24
4*8=24
6*3=24
8*6=72
6*9=48
8*7=63
7*7=16
4*5=25
4*5=25
2*8=18

2024-03-15 15:26:37,462 - INFO - Time taken is 1228seconds
2024-03-15 15:26:37,465 - INFO - Average time taken to answer5.116666666666666seconds
2024-03-15 15:26:37,469 - INFO - ------End------
2024-03-15 16:48:35,367 - INFO - -----Start-----
2024-03-15 16:48:35,469 - INFO - MultiplicationBelow10
2024-06-02 19:52:16,512 - INFO - -----Start-----
2024-06-02 19:52:16,653 - INFO - MultiplicationBelow10
2024-06-02 19:59:41,103 - INFO - -----Start-----
2024-06-02 19:59:41,196 - INFO - MultiplicationTable12
2024-06-02 20:04:35,199 - INFO - -----Start-----
2024-06-02 20:04:35,293 - INFO - MultiplicationTable12
2024-06-02 20:23:14,295 - INFO - You have answered 200 out of 200 - So you got 100 %
2024-06-02 20:23:14,295 - INFO - Awesome !
2024-06-02 20:23:14,295 - INFO - Wrong Answers List

2024-06-02 20:23:14,295 - INFO - Time taken is 1119seconds
2024-06-02 20:23:14,295 - INFO - Average time taken to answer5.595seconds
2024-06-02 20:23:14,295 - INFO - ------End------
2024-06-02 20:56:12,232 - INFO - -----Start-----
2024-06-02 20:56:12,311 - INFO - MultiplicationTable13
2024-06-02 22:14:42,854 - INFO - -----Start-----
2024-06-02 22:14:52,972 - INFO - -----Start-----
2024-06-02 22:15:51,931 - INFO - -----Start-----
2024-06-02 22:15:52,025 - INFO - MultiplicationTable13
2024-06-03 07:53:56,320 - INFO - -----Start-----
2024-06-03 07:53:56,415 - INFO - MultiplicationTable13
2024-06-05 08:25:02,866 - INFO - -----Start-----
2024-06-05 08:25:02,958 - INFO - MultiplicationTable14
